<?xml version="1.0" encoding="UTF-8"?>
<!-- Generated by org.testng.reporters.JUnitXMLReporter -->
<testsuite ignored="0" hostname="PRANSHU" failures="1" tests="1" name="Default test" time="0.577" errors="0" timestamp="2026-06-06T22:19:44 IST">
  <testcase classname="testcases.EndToEndBookingTest" name="verifyCompleteBookingFlow" time="0.558">
    <failure type="org.testng.internal.reflect.MethodMatcherException" message="
[public void testcases.EndToEndBookingTest.verifyCompleteBookingFlow(java.lang.String,java.lang.String,java.lang.String,java.lang.String,java.lang.String,java.lang.String,java.lang.String,java.lang.String,java.lang.String,java.lang.String,java.lang.String,java.lang.String)] has no parameters defined but was found to be using a data provider (either explicitly specified or inherited from class level annotation).
Data provider mismatch
Method: verifyCompleteBookingFlow([java.lang.String arg0, java.lang.String arg1, java.lang.String arg2, java.lang.String arg3, java.lang.String arg4, java.lang.String arg5, java.lang.String arg6, java.lang.String arg7, java.lang.String arg8, java.lang.String arg9, java.lang.String arg10, java.lang.String arg11])
Arguments: [(java.lang.String) Paris,(java.lang.String) London,(java.lang.String) 1,(java.lang.String) Pranshu,(java.lang.String) ABC Street,(java.lang.String) Varanasi,(java.lang.String) UP,(java.lang.String) 221001,(java.lang.String) Visa,(java.lang.String) 4111111111111110,(java.lang.String) 12,(java.lang.String) 2028,(java.lang.String) Pranshu Mishra]">
      <![CDATA[org.testng.internal.reflect.MethodMatcherException: 
[public void testcases.EndToEndBookingTest.verifyCompleteBookingFlow(java.lang.String,java.lang.String,java.lang.String,java.lang.String,java.lang.String,java.lang.String,java.lang.String,java.lang.String,java.lang.String,java.lang.String,java.lang.String,java.lang.String)] has no parameters defined but was found to be using a data provider (either explicitly specified or inherited from class level annotation).
Data provider mismatch
Method: verifyCompleteBookingFlow([java.lang.String arg0, java.lang.String arg1, java.lang.String arg2, java.lang.String arg3, java.lang.String arg4, java.lang.String arg5, java.lang.String arg6, java.lang.String arg7, java.lang.String arg8, java.lang.String arg9, java.lang.String arg10, java.lang.String arg11])
Arguments: [(java.lang.String) Paris,(java.lang.String) London,(java.lang.String) 1,(java.lang.String) Pranshu,(java.lang.String) ABC Street,(java.lang.String) Varanasi,(java.lang.String) UP,(java.lang.String) 221001,(java.lang.String) Visa,(java.lang.String) 4111111111111110,(java.lang.String) 12,(java.lang.String) 2028,(java.lang.String) Pranshu Mishra]
at org.testng.internal.reflect.DataProviderMethodMatcher.getConformingArguments(DataProviderMethodMatcher.java:46)
at org.testng.internal.Parameters.injectParameters(Parameters.java:915)
at org.testng.internal.invokers.MethodRunner.runInSequence(MethodRunner.java:50)
at org.testng.internal.invokers.TestInvoker$MethodInvocationAgent.invoke(TestInvoker.java:995)
at org.testng.internal.invokers.TestInvoker.invokeTestMethods(TestInvoker.java:203)
at org.testng.internal.invokers.TestMethodWorker.invokeTestMethods(TestMethodWorker.java:154)
at org.testng.internal.invokers.TestMethodWorker.run(TestMethodWorker.java:134)
at java.base/java.util.ArrayList.forEach(ArrayList.java:1596)
at org.testng.TestRunner.privateRun(TestRunner.java:741)
at org.testng.TestRunner.run(TestRunner.java:616)
at org.testng.SuiteRunner.runTest(SuiteRunner.java:421)
at org.testng.SuiteRunner.runSequentially(SuiteRunner.java:413)
at org.testng.SuiteRunner.privateRun(SuiteRunner.java:373)
at org.testng.SuiteRunner.run(SuiteRunner.java:312)
at org.testng.SuiteRunnerWorker.runSuite(SuiteRunnerWorker.java:52)
at org.testng.SuiteRunnerWorker.run(SuiteRunnerWorker.java:95)
at org.testng.TestNG.runSuitesSequentially(TestNG.java:1274)
at org.testng.TestNG.runSuitesLocally(TestNG.java:1208)
at org.testng.TestNG.runSuites(TestNG.java:1112)
at org.testng.TestNG.run(TestNG.java:1079)
at org.testng.remote.AbstractRemoteTestNG.run(AbstractRemoteTestNG.java:115)
at org.testng.remote.RemoteTestNG.initAndRun(RemoteTestNG.java:293)
at org.testng.remote.RemoteTestNG.main(RemoteTestNG.java:91)
]]>
    </failure>
  </testcase> <!-- verifyCompleteBookingFlow -->
</testsuite> <!-- Default test -->
