<?xml version="1.0" encoding="UTF-8"?>
<!-- Generated by org.testng.reporters.JUnitXMLReporter -->
<testsuite ignored="0" hostname="PRANSHU" failures="0" tests="5" name="Chrome Test" time="18.92" errors="0" timestamp="2026-06-11T18:05:11 IST">
  <testcase classname="testcases.LaunchTest" name="verifyApplicationLaunch" time="0.015"/>
  <testcase classname="testcases.EndToEndBookingTest" name="verifyCompleteBookingFlow" time="2.556"/>
  <testcase classname="testcases.EndToEndBookingTest" name="verifyCompleteBookingFlow" time="2.591"/>
  <testcase classname="testcases.EndToEndBookingTest" name="verifyCompleteBookingFlow" time="2.379"/>
  <testcase classname="testcases.SearchFlightTest" name="verifyFlightSearch" time="0.604"/>
</testsuite> <!-- Chrome Test -->
