<?xml version="1.0" encoding="UTF-8"?>
<!-- Generated by org.testng.reporters.JUnitXMLReporter -->
<testsuite ignored="0" hostname="PRANSHU" failures="0" tests="5" name="Chrome Test" time="19.456" errors="0" timestamp="2026-06-11T17:23:30 IST">
  <testcase classname="testcases.LaunchTest" name="verifyApplicationLaunch" time="0.012"/>
  <testcase classname="testcases.EndToEndBookingTest" name="verifyCompleteBookingFlow" time="2.572"/>
  <testcase classname="testcases.EndToEndBookingTest" name="verifyCompleteBookingFlow" time="2.448"/>
  <testcase classname="testcases.EndToEndBookingTest" name="verifyCompleteBookingFlow" time="2.663"/>
  <testcase classname="testcases.SearchFlightTest" name="verifyFlightSearch" time="0.685"/>
</testsuite> <!-- Chrome Test -->
