<?xml version="1.0" encoding="UTF-8"?>
<!-- Generated by org.testng.reporters.JUnitXMLReporter -->
<testsuite ignored="0" hostname="PRANSHU" failures="0" tests="3" name="Edge Test" time="28.476" errors="0" timestamp="2026-06-11T15:12:34 IST">
  <testcase classname="testcases.EndToEndBookingTest" name="verifyCompleteBookingFlow" time="9.319"/>
  <testcase classname="testcases.EndToEndBookingTest" name="verifyCompleteBookingFlow" time="3.673"/>
  <testcase classname="testcases.EndToEndBookingTest" name="verifyCompleteBookingFlow" time="2.735"/>
</testsuite> <!-- Edge Test -->
