<?xml version="1.0" encoding="UTF-8"?>
<!-- Generated by org.testng.reporters.JUnitXMLReporter -->
<testsuite ignored="0" hostname="PRANSHU" failures="0" tests="3" name="Firefox Test" time="33.57" errors="0" timestamp="2026-06-11T17:24:04 IST">
  <testcase classname="testcases.EndToEndBookingTest" name="verifyCompleteBookingFlow" time="2.126"/>
  <testcase classname="testcases.EndToEndBookingTest" name="verifyCompleteBookingFlow" time="2.384"/>
  <testcase classname="testcases.EndToEndBookingTest" name="verifyCompleteBookingFlow" time="2.117"/>
</testsuite> <!-- Firefox Test -->
