<?xml version="1.0" encoding="UTF-8"?>
<!-- Generated by org.testng.reporters.JUnitXMLReporter -->
<testsuite ignored="0" hostname="PRANSHU" failures="0" tests="3" name="Firefox Test" time="37.124" errors="0" timestamp="2026-06-11T17:02:35 IST">
  <testcase classname="testcases.EndToEndBookingTest" name="verifyCompleteBookingFlow" time="3.747"/>
  <testcase classname="testcases.EndToEndBookingTest" name="verifyCompleteBookingFlow" time="2.547"/>
  <testcase classname="testcases.EndToEndBookingTest" name="verifyCompleteBookingFlow" time="2.345"/>
</testsuite> <!-- Firefox Test -->
