<?xml version="1.0" encoding="UTF-8"?>
<!-- Generated by org.testng.reporters.JUnitXMLReporter -->
<testsuite ignored="0" hostname="PRANSHU" failures="0" tests="3" name="Defect Tests" time="14.732" errors="0" timestamp="2026-06-06T21:03:14 IST">
  <testcase classname="defecttests.EmptyPassengerDetailsTest" name="verifyBookingWithEmptyPassengerDetails" time="2.276"/>
  <testcase classname="defecttests.EmptyCardNumberTest" name="verifyBookingWithEmptyCardNumber" time="2.067"/>
  <testcase classname="defecttests.ExpiredCardTest" name="verifyBookingWithExpiredCard" time="2.518"/>
</testsuite> <!-- Defect Tests -->
