<?xml version="1.0" encoding="UTF-8"?>
<testng-results ignored="0" total="5" passed="5" failed="0" skipped="0">
  <reporter-output>
  </reporter-output>
  <suite started-at="2026-06-11T18:04:52 IST" name="BlazeDemo Suite" finished-at="2026-06-11T18:05:11 IST" duration-ms="18920">
    <groups>
    </groups>
    <test started-at="2026-06-11T18:04:52 IST" name="Chrome Test" finished-at="2026-06-11T18:05:11 IST" duration-ms="18920">
      <class name="testcases.LaunchTest">
        <test-method is-config="true" signature="setup(java.lang.String)[pri:0, instance:testcases.LaunchTest@1165b38]" started-at="2026-06-11T18:04:52 IST" name="setup" finished-at="2026-06-11T18:04:54 IST" duration-ms="2343" status="PASS">
          <params>
            <param index="0">
              <value>
                <![CDATA[chrome]]>
              </value>
            </param>
          </params>
          <reporter-output>
          </reporter-output>
        </test-method> <!-- setup -->
        <test-method signature="verifyApplicationLaunch()[pri:0, instance:testcases.LaunchTest@1165b38]" started-at="2026-06-11T18:04:54 IST" name="verifyApplicationLaunch" finished-at="2026-06-11T18:04:54 IST" duration-ms="15" status="PASS">
          <reporter-output>
          </reporter-output>
        </test-method> <!-- verifyApplicationLaunch -->
        <test-method is-config="true" signature="tearDown()[pri:0, instance:testcases.LaunchTest@1165b38]" started-at="2026-06-11T18:04:54 IST" name="tearDown" finished-at="2026-06-11T18:04:55 IST" duration-ms="146" status="PASS">
          <reporter-output>
          </reporter-output>
        </test-method> <!-- tearDown -->
      </class> <!-- testcases.LaunchTest -->
      <class name="testcases.EndToEndBookingTest">
        <test-method is-config="true" signature="setup(java.lang.String)[pri:0, instance:testcases.EndToEndBookingTest@2aceadd4]" started-at="2026-06-11T18:04:55 IST" name="setup" finished-at="2026-06-11T18:04:57 IST" duration-ms="1823" status="PASS">
          <params>
            <param index="0">
              <value>
                <![CDATA[chrome]]>
              </value>
            </param>
          </params>
          <reporter-output>
          </reporter-output>
        </test-method> <!-- setup -->
        <test-method signature="verifyCompleteBookingFlow(java.lang.String,java.lang.String,java.lang.String,java.lang.String,java.lang.String,java.lang.String,java.lang.String,java.lang.String,java.lang.String,java.lang.String,java.lang.String,java.lang.String)[pri:0, instance:testcases.EndToEndBookingTest@2aceadd4]" started-at="2026-06-11T18:04:57 IST" name="verifyCompleteBookingFlow" data-provider="passengerData" finished-at="2026-06-11T18:04:59 IST" duration-ms="2556" status="PASS">
          <params>
            <param index="0">
              <value>
                <![CDATA[Paris]]>
              </value>
            </param>
            <param index="1">
              <value>
                <![CDATA[London]]>
              </value>
            </param>
            <param index="2">
              <value>
                <![CDATA[Pranshu]]>
              </value>
            </param>
            <param index="3">
              <value>
                <![CDATA[ABC Street]]>
              </value>
            </param>
            <param index="4">
              <value>
                <![CDATA[Varanasi]]>
              </value>
            </param>
            <param index="5">
              <value>
                <![CDATA[UP]]>
              </value>
            </param>
            <param index="6">
              <value>
                <![CDATA[221001]]>
              </value>
            </param>
            <param index="7">
              <value>
                <![CDATA[Visa]]>
              </value>
            </param>
            <param index="8">
              <value>
                <![CDATA[4111111111111110]]>
              </value>
            </param>
            <param index="9">
              <value>
                <![CDATA[12]]>
              </value>
            </param>
            <param index="10">
              <value>
                <![CDATA[2028]]>
              </value>
            </param>
            <param index="11">
              <value>
                <![CDATA[Pranshu Mishra]]>
              </value>
            </param>
          </params>
          <reporter-output>
          </reporter-output>
        </test-method> <!-- verifyCompleteBookingFlow -->
        <test-method is-config="true" signature="tearDown()[pri:0, instance:testcases.EndToEndBookingTest@2aceadd4]" started-at="2026-06-11T18:04:59 IST" name="tearDown" finished-at="2026-06-11T18:05:00 IST" duration-ms="261" status="PASS">
          <reporter-output>
          </reporter-output>
        </test-method> <!-- tearDown -->
        <test-method is-config="true" signature="setup(java.lang.String)[pri:0, instance:testcases.EndToEndBookingTest@2aceadd4]" started-at="2026-06-11T18:05:00 IST" name="setup" finished-at="2026-06-11T18:05:01 IST" duration-ms="1767" status="PASS">
          <params>
            <param index="0">
              <value>
                <![CDATA[chrome]]>
              </value>
            </param>
          </params>
          <reporter-output>
          </reporter-output>
        </test-method> <!-- setup -->
        <test-method signature="verifyCompleteBookingFlow(java.lang.String,java.lang.String,java.lang.String,java.lang.String,java.lang.String,java.lang.String,java.lang.String,java.lang.String,java.lang.String,java.lang.String,java.lang.String,java.lang.String)[pri:0, instance:testcases.EndToEndBookingTest@2aceadd4]" started-at="2026-06-11T18:05:01 IST" name="verifyCompleteBookingFlow" data-provider="passengerData" finished-at="2026-06-11T18:05:04 IST" duration-ms="2591" status="PASS">
          <params>
            <param index="0">
              <value>
                <![CDATA[Boston]]>
              </value>
            </param>
            <param index="1">
              <value>
                <![CDATA[Rome]]>
              </value>
            </param>
            <param index="2">
              <value>
                <![CDATA[Rahul]]>
              </value>
            </param>
            <param index="3">
              <value>
                <![CDATA[XYZ Colony]]>
              </value>
            </param>
            <param index="4">
              <value>
                <![CDATA[Delhi]]>
              </value>
            </param>
            <param index="5">
              <value>
                <![CDATA[Delhi]]>
              </value>
            </param>
            <param index="6">
              <value>
                <![CDATA[110001]]>
              </value>
            </param>
            <param index="7">
              <value>
                <![CDATA[American Express]]>
              </value>
            </param>
            <param index="8">
              <value>
                <![CDATA[378282246310005]]>
              </value>
            </param>
            <param index="9">
              <value>
                <![CDATA[11]]>
              </value>
            </param>
            <param index="10">
              <value>
                <![CDATA[2027]]>
              </value>
            </param>
            <param index="11">
              <value>
                <![CDATA[Rahul Sharma]]>
              </value>
            </param>
          </params>
          <reporter-output>
          </reporter-output>
        </test-method> <!-- verifyCompleteBookingFlow -->
        <test-method is-config="true" signature="tearDown()[pri:0, instance:testcases.EndToEndBookingTest@2aceadd4]" started-at="2026-06-11T18:05:04 IST" name="tearDown" finished-at="2026-06-11T18:05:04 IST" duration-ms="135" status="PASS">
          <reporter-output>
          </reporter-output>
        </test-method> <!-- tearDown -->
        <test-method is-config="true" signature="setup(java.lang.String)[pri:0, instance:testcases.EndToEndBookingTest@2aceadd4]" started-at="2026-06-11T18:05:04 IST" name="setup" finished-at="2026-06-11T18:05:06 IST" duration-ms="1810" status="PASS">
          <params>
            <param index="0">
              <value>
                <![CDATA[chrome]]>
              </value>
            </param>
          </params>
          <reporter-output>
          </reporter-output>
        </test-method> <!-- setup -->
        <test-method signature="verifyCompleteBookingFlow(java.lang.String,java.lang.String,java.lang.String,java.lang.String,java.lang.String,java.lang.String,java.lang.String,java.lang.String,java.lang.String,java.lang.String,java.lang.String,java.lang.String)[pri:0, instance:testcases.EndToEndBookingTest@2aceadd4]" started-at="2026-06-11T18:05:06 IST" name="verifyCompleteBookingFlow" data-provider="passengerData" finished-at="2026-06-11T18:05:08 IST" duration-ms="2379" status="PASS">
          <params>
            <param index="0">
              <value>
                <![CDATA[Mexico City]]>
              </value>
            </param>
            <param index="1">
              <value>
                <![CDATA[Berlin]]>
              </value>
            </param>
            <param index="2">
              <value>
                <![CDATA[Aman]]>
              </value>
            </param>
            <param index="3">
              <value>
                <![CDATA[MG Road]]>
              </value>
            </param>
            <param index="4">
              <value>
                <![CDATA[Bangalore]]>
              </value>
            </param>
            <param index="5">
              <value>
                <![CDATA[Karnataka]]>
              </value>
            </param>
            <param index="6">
              <value>
                <![CDATA[560001]]>
              </value>
            </param>
            <param index="7">
              <value>
                <![CDATA[Diner's Club]]>
              </value>
            </param>
            <param index="8">
              <value>
                <![CDATA[30569309025904]]>
              </value>
            </param>
            <param index="9">
              <value>
                <![CDATA[10]]>
              </value>
            </param>
            <param index="10">
              <value>
                <![CDATA[2029]]>
              </value>
            </param>
            <param index="11">
              <value>
                <![CDATA[Aman Verma]]>
              </value>
            </param>
          </params>
          <reporter-output>
          </reporter-output>
        </test-method> <!-- verifyCompleteBookingFlow -->
        <test-method is-config="true" signature="tearDown()[pri:0, instance:testcases.EndToEndBookingTest@2aceadd4]" started-at="2026-06-11T18:05:08 IST" name="tearDown" finished-at="2026-06-11T18:05:09 IST" duration-ms="123" status="PASS">
          <reporter-output>
          </reporter-output>
        </test-method> <!-- tearDown -->
      </class> <!-- testcases.EndToEndBookingTest -->
      <class name="testcases.SearchFlightTest">
        <test-method is-config="true" signature="setup(java.lang.String)[pri:0, instance:testcases.SearchFlightTest@24aed80c]" started-at="2026-06-11T18:05:09 IST" name="setup" finished-at="2026-06-11T18:05:10 IST" duration-ms="1738" status="PASS">
          <params>
            <param index="0">
              <value>
                <![CDATA[chrome]]>
              </value>
            </param>
          </params>
          <reporter-output>
          </reporter-output>
        </test-method> <!-- setup -->
        <test-method signature="verifyFlightSearch()[pri:0, instance:testcases.SearchFlightTest@24aed80c]" started-at="2026-06-11T18:05:10 IST" name="verifyFlightSearch" finished-at="2026-06-11T18:05:11 IST" duration-ms="604" status="PASS">
          <reporter-output>
          </reporter-output>
        </test-method> <!-- verifyFlightSearch -->
        <test-method is-config="true" signature="tearDown()[pri:0, instance:testcases.SearchFlightTest@24aed80c]" started-at="2026-06-11T18:05:11 IST" name="tearDown" finished-at="2026-06-11T18:05:11 IST" duration-ms="103" status="PASS">
          <reporter-output>
          </reporter-output>
        </test-method> <!-- tearDown -->
      </class> <!-- testcases.SearchFlightTest -->
    </test> <!-- Chrome Test -->
  </suite> <!-- BlazeDemo Suite -->
</testng-results>
