<?xml version="1.0" encoding="UTF-8"?>
<testng-results ignored="0" total="8" passed="8" failed="0" skipped="0">
  <reporter-output>
  </reporter-output>
  <suite started-at="2026-06-11T15:11:17 IST" name="BlazeDemo Suite" finished-at="2026-06-11T15:12:34 IST" duration-ms="76576">
    <groups>
    </groups>
    <test started-at="2026-06-11T15:11:17 IST" name="Chrome Test" finished-at="2026-06-11T15:12:05 IST" duration-ms="47920">
      <class name="testcases.LaunchTest">
        <test-method is-config="true" signature="setup(java.lang.String)[pri:0, instance:testcases.LaunchTest@1165b38]" started-at="2026-06-11T15:11:17 IST" name="setup" finished-at="2026-06-11T15:11:20 IST" duration-ms="3002" status="PASS">
          <params>
            <param index="0">
              <value>
                <![CDATA[chrome]]>
              </value>
            </param>
          </params>
          <reporter-output>
          </reporter-output>
        </test-method> <!-- setup -->
        <test-method signature="verifyApplicationLaunch()[pri:0, instance:testcases.LaunchTest@1165b38]" started-at="2026-06-11T15:11:20 IST" name="verifyApplicationLaunch" finished-at="2026-06-11T15:11:20 IST" duration-ms="28" status="PASS">
          <reporter-output>
          </reporter-output>
        </test-method> <!-- verifyApplicationLaunch -->
        <test-method is-config="true" signature="tearDown()[pri:0, instance:testcases.LaunchTest@1165b38]" started-at="2026-06-11T15:11:20 IST" name="tearDown" finished-at="2026-06-11T15:11:20 IST" duration-ms="114" status="PASS">
          <reporter-output>
          </reporter-output>
        </test-method> <!-- tearDown -->
      </class> <!-- testcases.LaunchTest -->
      <class name="testcases.EndToEndBookingTest">
        <test-method is-config="true" signature="setup(java.lang.String)[pri:0, instance:testcases.EndToEndBookingTest@2aceadd4]" started-at="2026-06-11T15:11:21 IST" name="setup" finished-at="2026-06-11T15:11:23 IST" duration-ms="2205" status="PASS">
          <params>
            <param index="0">
              <value>
                <![CDATA[chrome]]>
              </value>
            </param>
          </params>
          <reporter-output>
          </reporter-output>
        </test-method> <!-- setup -->
        <test-method signature="verifyCompleteBookingFlow(java.lang.String,java.lang.String,java.lang.String,java.lang.String,java.lang.String,java.lang.String,java.lang.String,java.lang.String,java.lang.String,java.lang.String,java.lang.String,java.lang.String)[pri:0, instance:testcases.EndToEndBookingTest@2aceadd4]" started-at="2026-06-11T15:11:23 IST" name="verifyCompleteBookingFlow" data-provider="passengerData" finished-at="2026-06-11T15:11:34 IST" duration-ms="10614" status="PASS">
          <params>
            <param index="0">
              <value>
                <![CDATA[Paris]]>
              </value>
            </param>
            <param index="1">
              <value>
                <![CDATA[London]]>
              </value>
            </param>
            <param index="2">
              <value>
                <![CDATA[Pranshu]]>
              </value>
            </param>
            <param index="3">
              <value>
                <![CDATA[ABC Street]]>
              </value>
            </param>
            <param index="4">
              <value>
                <![CDATA[Varanasi]]>
              </value>
            </param>
            <param index="5">
              <value>
                <![CDATA[UP]]>
              </value>
            </param>
            <param index="6">
              <value>
                <![CDATA[221001]]>
              </value>
            </param>
            <param index="7">
              <value>
                <![CDATA[Visa]]>
              </value>
            </param>
            <param index="8">
              <value>
                <![CDATA[4111111111111110]]>
              </value>
            </param>
            <param index="9">
              <value>
                <![CDATA[12]]>
              </value>
            </param>
            <param index="10">
              <value>
                <![CDATA[2028]]>
              </value>
            </param>
            <param index="11">
              <value>
                <![CDATA[Pranshu Mishra]]>
              </value>
            </param>
          </params>
          <reporter-output>
          </reporter-output>
        </test-method> <!-- verifyCompleteBookingFlow -->
        <test-method is-config="true" signature="tearDown()[pri:0, instance:testcases.EndToEndBookingTest@2aceadd4]" started-at="2026-06-11T15:11:34 IST" name="tearDown" finished-at="2026-06-11T15:11:34 IST" duration-ms="143" status="PASS">
          <reporter-output>
          </reporter-output>
        </test-method> <!-- tearDown -->
        <test-method is-config="true" signature="setup(java.lang.String)[pri:0, instance:testcases.EndToEndBookingTest@2aceadd4]" started-at="2026-06-11T15:11:34 IST" name="setup" finished-at="2026-06-11T15:11:36 IST" duration-ms="2008" status="PASS">
          <params>
            <param index="0">
              <value>
                <![CDATA[chrome]]>
              </value>
            </param>
          </params>
          <reporter-output>
          </reporter-output>
        </test-method> <!-- setup -->
        <test-method signature="verifyCompleteBookingFlow(java.lang.String,java.lang.String,java.lang.String,java.lang.String,java.lang.String,java.lang.String,java.lang.String,java.lang.String,java.lang.String,java.lang.String,java.lang.String,java.lang.String)[pri:0, instance:testcases.EndToEndBookingTest@2aceadd4]" started-at="2026-06-11T15:11:36 IST" name="verifyCompleteBookingFlow" data-provider="passengerData" finished-at="2026-06-11T15:11:45 IST" duration-ms="9188" status="PASS">
          <params>
            <param index="0">
              <value>
                <![CDATA[Boston]]>
              </value>
            </param>
            <param index="1">
              <value>
                <![CDATA[Rome]]>
              </value>
            </param>
            <param index="2">
              <value>
                <![CDATA[Rahul]]>
              </value>
            </param>
            <param index="3">
              <value>
                <![CDATA[XYZ Colony]]>
              </value>
            </param>
            <param index="4">
              <value>
                <![CDATA[Delhi]]>
              </value>
            </param>
            <param index="5">
              <value>
                <![CDATA[Delhi]]>
              </value>
            </param>
            <param index="6">
              <value>
                <![CDATA[110001]]>
              </value>
            </param>
            <param index="7">
              <value>
                <![CDATA[American Express]]>
              </value>
            </param>
            <param index="8">
              <value>
                <![CDATA[378282246310005]]>
              </value>
            </param>
            <param index="9">
              <value>
                <![CDATA[11]]>
              </value>
            </param>
            <param index="10">
              <value>
                <![CDATA[2027]]>
              </value>
            </param>
            <param index="11">
              <value>
                <![CDATA[Rahul Sharma]]>
              </value>
            </param>
          </params>
          <reporter-output>
          </reporter-output>
        </test-method> <!-- verifyCompleteBookingFlow -->
        <test-method is-config="true" signature="tearDown()[pri:0, instance:testcases.EndToEndBookingTest@2aceadd4]" started-at="2026-06-11T15:11:45 IST" name="tearDown" finished-at="2026-06-11T15:11:45 IST" duration-ms="136" status="PASS">
          <reporter-output>
          </reporter-output>
        </test-method> <!-- tearDown -->
        <test-method is-config="true" signature="setup(java.lang.String)[pri:0, instance:testcases.EndToEndBookingTest@2aceadd4]" started-at="2026-06-11T15:11:45 IST" name="setup" finished-at="2026-06-11T15:11:53 IST" duration-ms="7265" status="PASS">
          <params>
            <param index="0">
              <value>
                <![CDATA[chrome]]>
              </value>
            </param>
          </params>
          <reporter-output>
          </reporter-output>
        </test-method> <!-- setup -->
        <test-method signature="verifyCompleteBookingFlow(java.lang.String,java.lang.String,java.lang.String,java.lang.String,java.lang.String,java.lang.String,java.lang.String,java.lang.String,java.lang.String,java.lang.String,java.lang.String,java.lang.String)[pri:0, instance:testcases.EndToEndBookingTest@2aceadd4]" started-at="2026-06-11T15:11:53 IST" name="verifyCompleteBookingFlow" data-provider="passengerData" finished-at="2026-06-11T15:11:55 IST" duration-ms="2574" status="PASS">
          <params>
            <param index="0">
              <value>
                <![CDATA[Mexico City]]>
              </value>
            </param>
            <param index="1">
              <value>
                <![CDATA[Berlin]]>
              </value>
            </param>
            <param index="2">
              <value>
                <![CDATA[Aman]]>
              </value>
            </param>
            <param index="3">
              <value>
                <![CDATA[MG Road]]>
              </value>
            </param>
            <param index="4">
              <value>
                <![CDATA[Bangalore]]>
              </value>
            </param>
            <param index="5">
              <value>
                <![CDATA[Karnataka]]>
              </value>
            </param>
            <param index="6">
              <value>
                <![CDATA[560001]]>
              </value>
            </param>
            <param index="7">
              <value>
                <![CDATA[Diner's Club]]>
              </value>
            </param>
            <param index="8">
              <value>
                <![CDATA[30569309025904]]>
              </value>
            </param>
            <param index="9">
              <value>
                <![CDATA[10]]>
              </value>
            </param>
            <param index="10">
              <value>
                <![CDATA[2029]]>
              </value>
            </param>
            <param index="11">
              <value>
                <![CDATA[Aman Verma]]>
              </value>
            </param>
          </params>
          <reporter-output>
          </reporter-output>
        </test-method> <!-- verifyCompleteBookingFlow -->
        <test-method is-config="true" signature="tearDown()[pri:0, instance:testcases.EndToEndBookingTest@2aceadd4]" started-at="2026-06-11T15:11:55 IST" name="tearDown" finished-at="2026-06-11T15:11:55 IST" duration-ms="139" status="PASS">
          <reporter-output>
          </reporter-output>
        </test-method> <!-- tearDown -->
      </class> <!-- testcases.EndToEndBookingTest -->
      <class name="testcases.SearchFlightTest">
        <test-method is-config="true" signature="setup(java.lang.String)[pri:0, instance:testcases.SearchFlightTest@24aed80c]" started-at="2026-06-11T15:11:55 IST" name="setup" finished-at="2026-06-11T15:11:57 IST" duration-ms="2048" status="PASS">
          <params>
            <param index="0">
              <value>
                <![CDATA[chrome]]>
              </value>
            </param>
          </params>
          <reporter-output>
          </reporter-output>
        </test-method> <!-- setup -->
        <test-method signature="verifyFlightSearch()[pri:0, instance:testcases.SearchFlightTest@24aed80c]" started-at="2026-06-11T15:11:57 IST" name="verifyFlightSearch" finished-at="2026-06-11T15:12:05 IST" duration-ms="7690" status="PASS">
          <reporter-output>
          </reporter-output>
        </test-method> <!-- verifyFlightSearch -->
        <test-method is-config="true" signature="tearDown()[pri:0, instance:testcases.SearchFlightTest@24aed80c]" started-at="2026-06-11T15:12:05 IST" name="tearDown" finished-at="2026-06-11T15:12:05 IST" duration-ms="201" status="PASS">
          <reporter-output>
          </reporter-output>
        </test-method> <!-- tearDown -->
      </class> <!-- testcases.SearchFlightTest -->
    </test> <!-- Chrome Test -->
    <test started-at="2026-06-11T15:12:05 IST" name="Edge Test" finished-at="2026-06-11T15:12:34 IST" duration-ms="28476">
      <class name="testcases.EndToEndBookingTest">
        <test-method is-config="true" signature="setup(java.lang.String)[pri:0, instance:testcases.EndToEndBookingTest@6950ed69]" started-at="2026-06-11T15:12:05 IST" name="setup" finished-at="2026-06-11T15:12:13 IST" duration-ms="7847" status="PASS">
          <params>
            <param index="0">
              <value>
                <![CDATA[edge]]>
              </value>
            </param>
          </params>
          <reporter-output>
          </reporter-output>
        </test-method> <!-- setup -->
        <test-method signature="verifyCompleteBookingFlow(java.lang.String,java.lang.String,java.lang.String,java.lang.String,java.lang.String,java.lang.String,java.lang.String,java.lang.String,java.lang.String,java.lang.String,java.lang.String,java.lang.String)[pri:0, instance:testcases.EndToEndBookingTest@6950ed69]" started-at="2026-06-11T15:12:13 IST" name="verifyCompleteBookingFlow" data-provider="passengerData" finished-at="2026-06-11T15:12:23 IST" duration-ms="9319" status="PASS">
          <params>
            <param index="0">
              <value>
                <![CDATA[Paris]]>
              </value>
            </param>
            <param index="1">
              <value>
                <![CDATA[London]]>
              </value>
            </param>
            <param index="2">
              <value>
                <![CDATA[Pranshu]]>
              </value>
            </param>
            <param index="3">
              <value>
                <![CDATA[ABC Street]]>
              </value>
            </param>
            <param index="4">
              <value>
                <![CDATA[Varanasi]]>
              </value>
            </param>
            <param index="5">
              <value>
                <![CDATA[UP]]>
              </value>
            </param>
            <param index="6">
              <value>
                <![CDATA[221001]]>
              </value>
            </param>
            <param index="7">
              <value>
                <![CDATA[Visa]]>
              </value>
            </param>
            <param index="8">
              <value>
                <![CDATA[4111111111111110]]>
              </value>
            </param>
            <param index="9">
              <value>
                <![CDATA[12]]>
              </value>
            </param>
            <param index="10">
              <value>
                <![CDATA[2028]]>
              </value>
            </param>
            <param index="11">
              <value>
                <![CDATA[Pranshu Mishra]]>
              </value>
            </param>
          </params>
          <reporter-output>
          </reporter-output>
        </test-method> <!-- verifyCompleteBookingFlow -->
        <test-method is-config="true" signature="tearDown()[pri:0, instance:testcases.EndToEndBookingTest@6950ed69]" started-at="2026-06-11T15:12:23 IST" name="tearDown" finished-at="2026-06-11T15:12:23 IST" duration-ms="360" status="PASS">
          <reporter-output>
          </reporter-output>
        </test-method> <!-- tearDown -->
        <test-method is-config="true" signature="setup(java.lang.String)[pri:0, instance:testcases.EndToEndBookingTest@6950ed69]" started-at="2026-06-11T15:12:23 IST" name="setup" finished-at="2026-06-11T15:12:25 IST" duration-ms="2038" status="PASS">
          <params>
            <param index="0">
              <value>
                <![CDATA[edge]]>
              </value>
            </param>
          </params>
          <reporter-output>
          </reporter-output>
        </test-method> <!-- setup -->
        <test-method signature="verifyCompleteBookingFlow(java.lang.String,java.lang.String,java.lang.String,java.lang.String,java.lang.String,java.lang.String,java.lang.String,java.lang.String,java.lang.String,java.lang.String,java.lang.String,java.lang.String)[pri:0, instance:testcases.EndToEndBookingTest@6950ed69]" started-at="2026-06-11T15:12:25 IST" name="verifyCompleteBookingFlow" data-provider="passengerData" finished-at="2026-06-11T15:12:29 IST" duration-ms="3673" status="PASS">
          <params>
            <param index="0">
              <value>
                <![CDATA[Boston]]>
              </value>
            </param>
            <param index="1">
              <value>
                <![CDATA[Rome]]>
              </value>
            </param>
            <param index="2">
              <value>
                <![CDATA[Rahul]]>
              </value>
            </param>
            <param index="3">
              <value>
                <![CDATA[XYZ Colony]]>
              </value>
            </param>
            <param index="4">
              <value>
                <![CDATA[Delhi]]>
              </value>
            </param>
            <param index="5">
              <value>
                <![CDATA[Delhi]]>
              </value>
            </param>
            <param index="6">
              <value>
                <![CDATA[110001]]>
              </value>
            </param>
            <param index="7">
              <value>
                <![CDATA[American Express]]>
              </value>
            </param>
            <param index="8">
              <value>
                <![CDATA[378282246310005]]>
              </value>
            </param>
            <param index="9">
              <value>
                <![CDATA[11]]>
              </value>
            </param>
            <param index="10">
              <value>
                <![CDATA[2027]]>
              </value>
            </param>
            <param index="11">
              <value>
                <![CDATA[Rahul Sharma]]>
              </value>
            </param>
          </params>
          <reporter-output>
          </reporter-output>
        </test-method> <!-- verifyCompleteBookingFlow -->
        <test-method is-config="true" signature="tearDown()[pri:0, instance:testcases.EndToEndBookingTest@6950ed69]" started-at="2026-06-11T15:12:29 IST" name="tearDown" finished-at="2026-06-11T15:12:29 IST" duration-ms="169" status="PASS">
          <reporter-output>
          </reporter-output>
        </test-method> <!-- tearDown -->
        <test-method is-config="true" signature="setup(java.lang.String)[pri:0, instance:testcases.EndToEndBookingTest@6950ed69]" started-at="2026-06-11T15:12:29 IST" name="setup" finished-at="2026-06-11T15:12:31 IST" duration-ms="1955" status="PASS">
          <params>
            <param index="0">
              <value>
                <![CDATA[edge]]>
              </value>
            </param>
          </params>
          <reporter-output>
          </reporter-output>
        </test-method> <!-- setup -->
        <test-method signature="verifyCompleteBookingFlow(java.lang.String,java.lang.String,java.lang.String,java.lang.String,java.lang.String,java.lang.String,java.lang.String,java.lang.String,java.lang.String,java.lang.String,java.lang.String,java.lang.String)[pri:0, instance:testcases.EndToEndBookingTest@6950ed69]" started-at="2026-06-11T15:12:31 IST" name="verifyCompleteBookingFlow" data-provider="passengerData" finished-at="2026-06-11T15:12:33 IST" duration-ms="2735" status="PASS">
          <params>
            <param index="0">
              <value>
                <![CDATA[Mexico City]]>
              </value>
            </param>
            <param index="1">
              <value>
                <![CDATA[Berlin]]>
              </value>
            </param>
            <param index="2">
              <value>
                <![CDATA[Aman]]>
              </value>
            </param>
            <param index="3">
              <value>
                <![CDATA[MG Road]]>
              </value>
            </param>
            <param index="4">
              <value>
                <![CDATA[Bangalore]]>
              </value>
            </param>
            <param index="5">
              <value>
                <![CDATA[Karnataka]]>
              </value>
            </param>
            <param index="6">
              <value>
                <![CDATA[560001]]>
              </value>
            </param>
            <param index="7">
              <value>
                <![CDATA[Diner's Club]]>
              </value>
            </param>
            <param index="8">
              <value>
                <![CDATA[30569309025904]]>
              </value>
            </param>
            <param index="9">
              <value>
                <![CDATA[10]]>
              </value>
            </param>
            <param index="10">
              <value>
                <![CDATA[2029]]>
              </value>
            </param>
            <param index="11">
              <value>
                <![CDATA[Aman Verma]]>
              </value>
            </param>
          </params>
          <reporter-output>
          </reporter-output>
        </test-method> <!-- verifyCompleteBookingFlow -->
        <test-method is-config="true" signature="tearDown()[pri:0, instance:testcases.EndToEndBookingTest@6950ed69]" started-at="2026-06-11T15:12:33 IST" name="tearDown" finished-at="2026-06-11T15:12:34 IST" duration-ms="352" status="PASS">
          <reporter-output>
          </reporter-output>
        </test-method> <!-- tearDown -->
      </class> <!-- testcases.EndToEndBookingTest -->
    </test> <!-- Edge Test -->
  </suite> <!-- BlazeDemo Suite -->
</testng-results>
