<?xml version="1.0" encoding="UTF-8"?>
<!-- Generated by org.testng.reporters.JUnitReportReporter -->
<testsuite hostname="PRANSHU" failures="0" tests="6" name="testcases.EndToEndBookingTest" time="62.720" errors="0" timestamp="2026-06-11T15:12:34 IST" skipped="0">
  <testcase classname="testcases.EndToEndBookingTest" name="verifyCompleteBookingFlow" time="16.589"/>
  <testcase classname="testcases.EndToEndBookingTest" name="verifyCompleteBookingFlow" time="4.922"/>
  <testcase classname="testcases.EndToEndBookingTest" name="verifyCompleteBookingFlow" time="12.761"/>
  <testcase classname="testcases.EndToEndBookingTest" name="verifyCompleteBookingFlow" time="11.443"/>
  <testcase classname="testcases.EndToEndBookingTest" name="verifyCompleteBookingFlow" time="11.880"/>
  <testcase classname="testcases.EndToEndBookingTest" name="verifyCompleteBookingFlow" time="5.125"/>
</testsuite> <!-- testcases.EndToEndBookingTest -->
