<?xml version="1.0" encoding="UTF-8"?>
<!-- Generated by org.testng.reporters.JUnitReportReporter -->
<testsuite hostname="PRANSHU" failures="0" tests="3" name="testcases.CrossBrowserLaunchTest" time="14.707" errors="0" timestamp="2026-06-11T18:04:43 IST" skipped="0">
  <testcase classname="testcases.CrossBrowserLaunchTest" name="verifyApplicationLaunchInDifferentBrowsers" time="2.311"/>
  <testcase classname="testcases.CrossBrowserLaunchTest" name="verifyApplicationLaunchInDifferentBrowsers" time="3.284"/>
  <testcase classname="testcases.CrossBrowserLaunchTest" name="verifyApplicationLaunchInDifferentBrowsers" time="9.112"/>
</testsuite> <!-- testcases.CrossBrowserLaunchTest -->
