<?xml version="1.0" encoding="UTF-8"?>
<!-- Generated by org.testng.reporters.JUnitReportReporter -->
<testsuite hostname="PRANSHU" failures="0" tests="3" name="testcases.EndToEndBookingTest" time="13.445" errors="0" timestamp="2026-06-11T18:05:11 IST" skipped="0">
  <testcase classname="testcases.EndToEndBookingTest" name="verifyCompleteBookingFlow" time="4.325"/>
  <testcase classname="testcases.EndToEndBookingTest" name="verifyCompleteBookingFlow" time="4.493"/>
  <testcase classname="testcases.EndToEndBookingTest" name="verifyCompleteBookingFlow" time="4.627"/>
</testsuite> <!-- testcases.EndToEndBookingTest -->
